/home/yv2857/ShinkaEvolve
Launching evaluation of function:
_target_: examples.circle_packing.evaluate.main
program_path: /home/yv2857/ShinkaEvolve/results/shinka_circle_packing/2025.11.02195019_example/gen_143/main.py
results_dir: /home/yv2857/ShinkaEvolve/results/shinka_circle_packing/2025.11.02195019_example/gen_143/results

Evaluating program: /home/yv2857/ShinkaEvolve/results/shinka_circle_packing/2025.11.02195019_example/gen_143/main.py
Saving results to: /home/yv2857/ShinkaEvolve/results/shinka_circle_packing/2025.11.02195019_example/gen_143/results
Run 1/1 completed in 1.53 seconds
Detailed packing data saved to /home/yv2857/ShinkaEvolve/results/shinka_circle_packing/2025.11.02195019_example/gen_143/results/extra.npz
Correctness and error status saved to /home/yv2857/ShinkaEvolve/results/shinka_circle_packing/2025.11.02195019_example/gen_143/results/correct.json
Metrics saved to /home/yv2857/ShinkaEvolve/results/shinka_circle_packing/2025.11.02195019_example/gen_143/results/metrics.json
Evaluation and Validation completed successfully.
Metrics:
  combined_score: 1.9905283591124259
  public: {'centers_str': '  centers[0] = (0.5229, 0.5683)\n  centers[1] = (0.9263, 0.0697)\n  centers[2] = (0.1603, 0.0414)\n  centers[3] = (0.8855, 0.7518)\n  centers[4] = (0.0690, 0.9321)\n  centers[5] = (0.2341, 0.1076)\n  centers[6] = (0.1608, 0.5719)\n  centers[7] = (0.0967, 0.1739)\n  centers[8] = (0.2521, 0.8757)\n  centers[9] = (0.9393, 0.9398)\n  centers[10] = (0.7474, 0.2022)\n  centers[11] = (0.8955, 0.2422)\n  centers[12] = (0.8739, 0.5121)\n  centers[13] = (0.4902, 0.8846)\n  centers[14] = (0.3034, 0.2984)\n  centers[15] = (0.7784, 0.0781)\n  centers[16] = (0.0880, 0.0314)\n  centers[17] = (0.7255, 0.3472)\n  centers[18] = (0.0744, 0.7890)\n  centers[19] = (0.0806, 0.3476)\n  centers[20] = (0.8082, 0.9270)\n  centers[21] = (0.2693, 0.0295)\n  centers[22] = (0.6870, 0.8150)\n  centers[23] = (0.3646, 0.0780)\n  centers[24] = (0.0331, 0.0621)\n  centers[25] = (0.5601, 0.1737)', 'num_circles': 26}
  private: {'reported_sum_of_radii': 1.9905283591124259}
  execution_time_mean: 1.525144845014438
  execution_time_std: 0.0
  num_valid_runs: 1
  num_invalid_runs: 0
  all_validation_errors: []
