/home/yv2857/ShinkaEvolve
Launching evaluation of function:
_target_: examples.circle_packing.evaluate.main
program_path: /home/yv2857/ShinkaEvolve/results/shinka_circle_packing/2025.11.02195019_example/gen_99/main.py
results_dir: /home/yv2857/ShinkaEvolve/results/shinka_circle_packing/2025.11.02195019_example/gen_99/results

Evaluating program: /home/yv2857/ShinkaEvolve/results/shinka_circle_packing/2025.11.02195019_example/gen_99/main.py
Saving results to: /home/yv2857/ShinkaEvolve/results/shinka_circle_packing/2025.11.02195019_example/gen_99/results
Run 1/1 completed in 0.80 seconds
Detailed packing data saved to /home/yv2857/ShinkaEvolve/results/shinka_circle_packing/2025.11.02195019_example/gen_99/results/extra.npz
Correctness and error status saved to /home/yv2857/ShinkaEvolve/results/shinka_circle_packing/2025.11.02195019_example/gen_99/results/correct.json
Metrics saved to /home/yv2857/ShinkaEvolve/results/shinka_circle_packing/2025.11.02195019_example/gen_99/results/metrics.json
Evaluation and Validation completed successfully.
Metrics:
  combined_score: 1.9861371095236362
  public: {'centers_str': '  centers[0] = (0.5805, 0.4666)\n  centers[1] = (0.8198, 0.5848)\n  centers[2] = (0.6741, 0.7584)\n  centers[3] = (0.4384, 0.7477)\n  centers[4] = (0.2163, 0.7641)\n  centers[5] = (0.2705, 0.5399)\n  centers[6] = (0.3169, 0.2863)\n  centers[7] = (0.5333, 0.1628)\n  centers[8] = (0.8393, 0.4303)\n  centers[9] = (0.8837, 0.7469)\n  centers[10] = (0.9301, 0.9292)\n  centers[11] = (0.5492, 0.8823)\n  centers[12] = (0.3239, 0.8875)\n  centers[13] = (0.0751, 0.9255)\n  centers[14] = (0.1182, 0.6390)\n  centers[15] = (0.0988, 0.5307)\n  centers[16] = (0.1153, 0.2330)\n  centers[17] = (0.2240, 0.0931)\n  centers[18] = (0.3898, 0.1108)\n  centers[19] = (0.7306, 0.1249)\n  centers[20] = (0.9414, 0.0552)\n  centers[21] = (0.9202, 0.3149)\n  centers[22] = (0.0739, 0.0800)\n  centers[23] = (0.8903, 0.1797)\n  centers[24] = (0.0740, 0.8029)\n  centers[25] = (0.7767, 0.9075)', 'num_circles': 26}
  private: {'reported_sum_of_radii': 1.9861371095236362}
  execution_time_mean: 0.7977798820356838
  execution_time_std: 0.0
  num_valid_runs: 1
  num_invalid_runs: 0
  all_validation_errors: []
