/home/yv2857/ShinkaEvolve
Launching evaluation of function:
_target_: examples.circle_packing.evaluate.main
program_path: /home/yv2857/ShinkaEvolve/results/shinka_circle_packing/2025.11.02195019_example/gen_29/main.py
results_dir: /home/yv2857/ShinkaEvolve/results/shinka_circle_packing/2025.11.02195019_example/gen_29/results

Evaluating program: /home/yv2857/ShinkaEvolve/results/shinka_circle_packing/2025.11.02195019_example/gen_29/main.py
Saving results to: /home/yv2857/ShinkaEvolve/results/shinka_circle_packing/2025.11.02195019_example/gen_29/results
Run 1/1 completed in 0.45 seconds
Detailed packing data saved to /home/yv2857/ShinkaEvolve/results/shinka_circle_packing/2025.11.02195019_example/gen_29/results/extra.npz
Correctness and error status saved to /home/yv2857/ShinkaEvolve/results/shinka_circle_packing/2025.11.02195019_example/gen_29/results/correct.json
Metrics saved to /home/yv2857/ShinkaEvolve/results/shinka_circle_packing/2025.11.02195019_example/gen_29/results/metrics.json
Evaluation and Validation completed successfully.
Metrics:
  combined_score: 0.42468044995088583
  public: {'centers_str': '  centers[0] = (0.4079, 0.4127)\n  centers[1] = (0.4657, 0.4233)\n  centers[2] = (0.5484, 0.3984)\n  centers[3] = (0.5991, 0.4179)\n  centers[4] = (0.4431, 0.4870)\n  centers[5] = (0.5048, 0.4729)\n  centers[6] = (0.5597, 0.4741)\n  centers[7] = (0.6682, 0.4415)\n  centers[8] = (0.3965, 0.5462)\n  centers[9] = (0.4675, 0.5344)\n  centers[10] = (0.5330, 0.5314)\n  centers[11] = (0.6097, 0.5695)\n  centers[12] = (0.4406, 0.5997)\n  centers[13] = (0.5418, 0.5833)\n  centers[14] = (0.3749, 0.3628)\n  centers[15] = (0.6169, 0.3454)\n  centers[16] = (0.3717, 0.6234)\n  centers[17] = (0.6067, 0.6396)\n  centers[18] = (0.4911, 0.3143)\n  centers[19] = (0.5056, 0.6831)\n  centers[20] = (0.3222, 0.5168)\n  centers[21] = (0.6823, 0.5364)\n  centers[22] = (0.3730, 0.4693)\n  centers[23] = (0.6114, 0.5015)\n  centers[24] = (0.4949, 0.3751)\n  centers[25] = (0.4967, 0.6201)', 'num_circles': 26}
  private: {'reported_sum_of_radii': 0.42468044995088583}
  execution_time_mean: 0.4520367070217617
  execution_time_std: 0.0
  num_valid_runs: 1
  num_invalid_runs: 0
  all_validation_errors: []
