/home/yv2857/ShinkaEvolve
Launching evaluation of function:
_target_: examples.circle_packing.evaluate.main
program_path: /home/yv2857/ShinkaEvolve/results/shinka_circle_packing/2025.11.02195019_example/gen_98/main.py
results_dir: /home/yv2857/ShinkaEvolve/results/shinka_circle_packing/2025.11.02195019_example/gen_98/results

Evaluating program: /home/yv2857/ShinkaEvolve/results/shinka_circle_packing/2025.11.02195019_example/gen_98/main.py
Saving results to: /home/yv2857/ShinkaEvolve/results/shinka_circle_packing/2025.11.02195019_example/gen_98/results
Run 1/1 completed in 1.42 seconds
Detailed packing data saved to /home/yv2857/ShinkaEvolve/results/shinka_circle_packing/2025.11.02195019_example/gen_98/results/extra.npz
Correctness and error status saved to /home/yv2857/ShinkaEvolve/results/shinka_circle_packing/2025.11.02195019_example/gen_98/results/correct.json
Metrics saved to /home/yv2857/ShinkaEvolve/results/shinka_circle_packing/2025.11.02195019_example/gen_98/results/metrics.json
Evaluation and Validation completed successfully.
Metrics:
  combined_score: 2.343274444662117
  public: {'centers_str': '  centers[0] = (0.4684, 0.4626)\n  centers[1] = (0.9271, 0.2178)\n  centers[2] = (0.0526, 0.0524)\n  centers[3] = (0.3166, 0.8213)\n  centers[4] = (0.9733, 0.9721)\n  centers[5] = (0.2970, 0.1750)\n  centers[6] = (0.8636, 0.0816)\n  centers[7] = (0.2577, 0.6905)\n  centers[8] = (0.8725, 0.8694)\n  centers[9] = (0.3031, 0.9365)\n  centers[10] = (0.0711, 0.1754)\n  centers[11] = (0.9151, 0.3680)\n  centers[12] = (0.6613, 0.9004)\n  centers[13] = (0.7148, 0.0679)\n  centers[14] = (0.1419, 0.3353)\n  centers[15] = (0.1635, 0.0665)\n  centers[16] = (0.1265, 0.5439)\n  centers[17] = (0.4147, 0.7467)\n  centers[18] = (0.8607, 0.5360)\n  centers[19] = (0.7153, 0.6917)\n  centers[20] = (0.4644, 0.9036)\n  centers[21] = (0.7385, 0.2545)\n  centers[22] = (0.5286, 0.1245)\n  centers[23] = (0.1334, 0.8915)\n  centers[24] = (0.0763, 0.7186)\n  centers[25] = (0.9264, 0.6908)', 'num_circles': 26}
  private: {'reported_sum_of_radii': 2.343274444662117}
  execution_time_mean: 1.423248913954012
  execution_time_std: 0.0
  num_valid_runs: 1
  num_invalid_runs: 0
  all_validation_errors: []
