/home/yv2857/ShinkaEvolve
Launching evaluation of function:
_target_: examples.circle_packing.evaluate.main
program_path: /home/yv2857/ShinkaEvolve/results/shinka_circle_packing/2025.11.02195019_example/gen_140/main.py
results_dir: /home/yv2857/ShinkaEvolve/results/shinka_circle_packing/2025.11.02195019_example/gen_140/results

Evaluating program: /home/yv2857/ShinkaEvolve/results/shinka_circle_packing/2025.11.02195019_example/gen_140/main.py
Saving results to: /home/yv2857/ShinkaEvolve/results/shinka_circle_packing/2025.11.02195019_example/gen_140/results
Run 1/1 completed in 27.21 seconds
Detailed packing data saved to /home/yv2857/ShinkaEvolve/results/shinka_circle_packing/2025.11.02195019_example/gen_140/results/extra.npz
Correctness and error status saved to /home/yv2857/ShinkaEvolve/results/shinka_circle_packing/2025.11.02195019_example/gen_140/results/correct.json
Metrics saved to /home/yv2857/ShinkaEvolve/results/shinka_circle_packing/2025.11.02195019_example/gen_140/results/metrics.json
Evaluation and Validation completed successfully.
Metrics:
  combined_score: 2.321462403992958
  public: {'centers_str': '  centers[0] = (0.0805, 0.0805)\n  centers[1] = (0.9233, 0.0765)\n  centers[2] = (0.0783, 0.9215)\n  centers[3] = (0.9286, 0.9286)\n  centers[4] = (0.3434, 0.0732)\n  centers[5] = (0.5578, 0.0499)\n  centers[6] = (0.3722, 0.8154)\n  centers[7] = (0.7812, 0.9208)\n  centers[8] = (0.0992, 0.3112)\n  centers[9] = (0.1001, 0.7482)\n  centers[10] = (0.9204, 0.2289)\n  centers[11] = (0.9609, 0.5890)\n  centers[12] = (0.5443, 0.6430)\n  centers[13] = (0.3476, 0.3739)\n  centers[14] = (0.3013, 0.6855)\n  centers[15] = (0.5889, 0.3783)\n  centers[16] = (0.6622, 0.5959)\n  centers[17] = (0.8501, 0.4429)\n  centers[18] = (0.4574, 0.1677)\n  centers[19] = (0.5687, 0.8357)\n  centers[20] = (0.1362, 0.5149)\n  centers[21] = (0.2259, 0.1691)\n  centers[22] = (0.7160, 0.1459)\n  centers[23] = (0.8580, 0.7311)\n  centers[24] = (0.2496, 0.8904)\n  centers[25] = (0.4644, 0.5619)', 'num_circles': 26}
  private: {'reported_sum_of_radii': 2.321462403992958}
  execution_time_mean: 27.208092821005266
  execution_time_std: 0.0
  num_valid_runs: 1
  num_invalid_runs: 0
  all_validation_errors: []
