/home/yv2857/ShinkaEvolve
Launching evaluation of function:
_target_: examples.circle_packing.evaluate.main
program_path: /home/yv2857/ShinkaEvolve/results/shinka_circle_packing/2025.11.02195019_example/gen_91/main.py
results_dir: /home/yv2857/ShinkaEvolve/results/shinka_circle_packing/2025.11.02195019_example/gen_91/results

Evaluating program: /home/yv2857/ShinkaEvolve/results/shinka_circle_packing/2025.11.02195019_example/gen_91/main.py
Saving results to: /home/yv2857/ShinkaEvolve/results/shinka_circle_packing/2025.11.02195019_example/gen_91/results
Run 1/1 completed in 2.42 seconds
Detailed packing data saved to /home/yv2857/ShinkaEvolve/results/shinka_circle_packing/2025.11.02195019_example/gen_91/results/extra.npz
Correctness and error status saved to /home/yv2857/ShinkaEvolve/results/shinka_circle_packing/2025.11.02195019_example/gen_91/results/correct.json
Metrics saved to /home/yv2857/ShinkaEvolve/results/shinka_circle_packing/2025.11.02195019_example/gen_91/results/metrics.json
Evaluation and Validation completed successfully.
Metrics:
  combined_score: 1.9928267577330419
  public: {'centers_str': '  centers[0] = (0.5002, 0.4425)\n  centers[1] = (0.7900, 0.5270)\n  centers[2] = (0.6670, 0.7310)\n  centers[3] = (0.4312, 0.7697)\n  centers[4] = (0.2475, 0.6316)\n  centers[5] = (0.2133, 0.4135)\n  centers[6] = (0.3005, 0.2299)\n  centers[7] = (0.5595, 0.1784)\n  centers[8] = (0.7678, 0.3260)\n  centers[9] = (0.8855, 0.6907)\n  centers[10] = (0.8943, 0.8331)\n  centers[11] = (0.6783, 0.9031)\n  centers[12] = (0.5343, 0.9080)\n  centers[13] = (0.0701, 0.9301)\n  centers[14] = (0.0998, 0.7874)\n  centers[15] = (0.1007, 0.5292)\n  centers[16] = (0.1111, 0.2623)\n  centers[17] = (0.1674, 0.0779)\n  centers[18] = (0.4289, 0.1271)\n  centers[19] = (0.7252, 0.1040)\n  centers[20] = (0.9565, 0.0453)\n  centers[21] = (0.9134, 0.2473)\n  centers[22] = (0.0777, 0.1365)\n  centers[23] = (0.8744, 0.1167)\n  centers[24] = (0.2272, 0.8678)\n  centers[25] = (0.7952, 0.9115)', 'num_circles': 26}
  private: {'reported_sum_of_radii': 1.9928267577330419}
  execution_time_mean: 2.421620653010905
  execution_time_std: 0.0
  num_valid_runs: 1
  num_invalid_runs: 0
  all_validation_errors: []
