/home/yv2857/ShinkaEvolve
Launching evaluation of function:
_target_: examples.circle_packing.evaluate.main
program_path: /home/yv2857/ShinkaEvolve/results/shinka_circle_packing/2025.11.02195019_example/gen_11/main.py
results_dir: /home/yv2857/ShinkaEvolve/results/shinka_circle_packing/2025.11.02195019_example/gen_11/results

Evaluating program: /home/yv2857/ShinkaEvolve/results/shinka_circle_packing/2025.11.02195019_example/gen_11/main.py
Saving results to: /home/yv2857/ShinkaEvolve/results/shinka_circle_packing/2025.11.02195019_example/gen_11/results
Run 1/1 completed in 0.19 seconds
Detailed packing data saved to /home/yv2857/ShinkaEvolve/results/shinka_circle_packing/2025.11.02195019_example/gen_11/results/extra.npz
Correctness and error status saved to /home/yv2857/ShinkaEvolve/results/shinka_circle_packing/2025.11.02195019_example/gen_11/results/correct.json
Metrics saved to /home/yv2857/ShinkaEvolve/results/shinka_circle_packing/2025.11.02195019_example/gen_11/results/metrics.json
Evaluation or Validation failed: Validation failed: Sum of radii (nan) does not match reported (nan)
Metrics:
  combined_score: nan
  public: {'centers_str': '  centers[0] = (0.1500, 0.1500)\n  centers[1] = (0.1500, 0.8500)\n  centers[2] = (0.8500, 0.1500)\n  centers[3] = (0.8500, 0.8500)\n  centers[4] = (0.2500, 0.1500)\n  centers[5] = (0.4000, 0.1500)\n  centers[6] = (0.5500, 0.1500)\n  centers[7] = (0.7000, 0.1500)\n  centers[8] = (0.2500, 0.8500)\n  centers[9] = (0.4000, 0.8500)\n  centers[10] = (0.5500, 0.8500)\n  centers[11] = (0.7000, 0.8500)\n  centers[12] = (0.3200, 0.3200)\n  centers[13] = (0.5000, 0.3200)\n  centers[14] = (0.6800, 0.3200)\n  centers[15] = (0.3200, 0.5000)\n  centers[16] = (nan, nan)\n  centers[17] = (0.6800, 0.5000)\n  centers[18] = (0.3200, 0.6800)\n  centers[19] = (0.5000, 0.6800)\n  centers[20] = (0.6800, 0.6800)\n  centers[21] = (0.5000, 0.1500)\n  centers[22] = (0.5000, 0.8500)\n  centers[23] = (0.1500, 0.5000)\n  centers[24] = (0.8500, 0.5000)\n  centers[25] = (nan, nan)', 'num_circles': 26}
  private: {'reported_sum_of_radii': nan}
  execution_time_mean: 0.18609443499008194
  execution_time_std: 0.0
  num_valid_runs: 0
  num_invalid_runs: 1
  all_validation_errors: ['Sum of radii (nan) does not match reported (nan)']
