/home/yv2857/ShinkaEvolve
Launching evaluation of function:
_target_: examples.circle_packing.evaluate.main
program_path: /home/yv2857/ShinkaEvolve/results/shinka_circle_packing/2025.11.02195019_example/gen_100/main.py
results_dir: /home/yv2857/ShinkaEvolve/results/shinka_circle_packing/2025.11.02195019_example/gen_100/results

Evaluating program: /home/yv2857/ShinkaEvolve/results/shinka_circle_packing/2025.11.02195019_example/gen_100/main.py
Saving results to: /home/yv2857/ShinkaEvolve/results/shinka_circle_packing/2025.11.02195019_example/gen_100/results
Run 1/1 completed in 13.92 seconds
Detailed packing data saved to /home/yv2857/ShinkaEvolve/results/shinka_circle_packing/2025.11.02195019_example/gen_100/results/extra.npz
Correctness and error status saved to /home/yv2857/ShinkaEvolve/results/shinka_circle_packing/2025.11.02195019_example/gen_100/results/correct.json
Metrics saved to /home/yv2857/ShinkaEvolve/results/shinka_circle_packing/2025.11.02195019_example/gen_100/results/metrics.json
Evaluation and Validation completed successfully.
Metrics:
  combined_score: 2.1484960692575017
  public: {'centers_str': '  centers[0] = (0.0847, 0.0850)\n  centers[1] = (0.9329, 0.0672)\n  centers[2] = (0.0770, 0.9251)\n  centers[3] = (0.9131, 0.9134)\n  centers[4] = (0.0866, 0.2577)\n  centers[5] = (0.2605, 0.0907)\n  centers[6] = (0.6376, 0.0523)\n  centers[7] = (0.7767, 0.0934)\n  centers[8] = (0.0772, 0.4650)\n  centers[9] = (0.0697, 0.7807)\n  centers[10] = (0.9070, 0.2282)\n  centers[11] = (0.9095, 0.7360)\n  centers[12] = (0.4288, 0.6040)\n  centers[13] = (0.5045, 0.5003)\n  centers[14] = (0.3263, 0.6068)\n  centers[15] = (0.2571, 0.3706)\n  centers[16] = (0.2679, 0.5734)\n  centers[17] = (0.4253, 0.4912)\n  centers[18] = (0.5393, 0.3866)\n  centers[19] = (0.1137, 0.6019)\n  centers[20] = (0.3232, 0.8149)\n  centers[21] = (0.3892, 0.5783)\n  centers[22] = (0.6787, 0.8405)\n  centers[23] = (0.5364, 0.6161)\n  centers[24] = (0.4697, 0.1451)\n  centers[25] = (0.8128, 0.4921)', 'num_circles': 26}
  private: {'reported_sum_of_radii': 2.1484960692575017}
  execution_time_mean: 13.918060997966677
  execution_time_std: 0.0
  num_valid_runs: 1
  num_invalid_runs: 0
  all_validation_errors: []
