/home/yv2857/ShinkaEvolve
Launching evaluation of function:
_target_: examples.circle_packing.evaluate.main
program_path: /home/yv2857/ShinkaEvolve/results/shinka_circle_packing/2025.11.02195019_example/gen_74/main.py
results_dir: /home/yv2857/ShinkaEvolve/results/shinka_circle_packing/2025.11.02195019_example/gen_74/results

Evaluating program: /home/yv2857/ShinkaEvolve/results/shinka_circle_packing/2025.11.02195019_example/gen_74/main.py
Saving results to: /home/yv2857/ShinkaEvolve/results/shinka_circle_packing/2025.11.02195019_example/gen_74/results
Run 1/1 completed in 0.49 seconds
Detailed packing data saved to /home/yv2857/ShinkaEvolve/results/shinka_circle_packing/2025.11.02195019_example/gen_74/results/extra.npz
Correctness and error status saved to /home/yv2857/ShinkaEvolve/results/shinka_circle_packing/2025.11.02195019_example/gen_74/results/correct.json
Metrics saved to /home/yv2857/ShinkaEvolve/results/shinka_circle_packing/2025.11.02195019_example/gen_74/results/metrics.json
Evaluation and Validation completed successfully.
Metrics:
  combined_score: 1.3030126497014627
  public: {'centers_str': '  centers[0] = (0.5000, 0.5000)\n  centers[1] = (0.0805, 0.0853)\n  centers[2] = (0.9153, 0.0815)\n  centers[3] = (0.9229, 0.8989)\n  centers[4] = (0.0974, 0.9272)\n  centers[5] = (0.7977, 0.0411)\n  centers[6] = (0.8027, 0.9484)\n  centers[7] = (0.0379, 0.1989)\n  centers[8] = (0.0487, 0.7996)\n  centers[9] = (0.9525, 0.2045)\n  centers[10] = (0.1951, 0.0493)\n  centers[11] = (0.2195, 0.9593)\n  centers[12] = (0.2622, 0.0300)\n  centers[13] = (0.9348, 0.7957)\n  centers[14] = (0.9738, 0.2709)\n  centers[15] = (0.0299, 0.2628)\n  centers[16] = (0.7296, 0.9717)\n  centers[17] = (0.2855, 0.9770)\n  centers[18] = (0.0265, 0.7310)\n  centers[19] = (0.0264, 0.8615)\n  centers[20] = (0.9676, 0.7487)\n  centers[21] = (0.7324, 0.0268)\n  centers[22] = (0.8318, 0.8946)\n  centers[23] = (0.0209, 0.9777)\n  centers[24] = (0.9787, 0.8046)\n  centers[25] = (0.9817, 0.6930)', 'num_circles': 26}
  private: {'reported_sum_of_radii': 1.3030126497014627}
  execution_time_mean: 0.4917427600012161
  execution_time_std: 0.0
  num_valid_runs: 1
  num_invalid_runs: 0
  all_validation_errors: []
