/home/yv2857/ShinkaEvolve
Launching evaluation of function:
_target_: examples.circle_packing.evaluate.main
program_path: /home/yv2857/ShinkaEvolve/results/shinka_circle_packing/2025.11.02195019_example/gen_119/main.py
results_dir: /home/yv2857/ShinkaEvolve/results/shinka_circle_packing/2025.11.02195019_example/gen_119/results

Evaluating program: /home/yv2857/ShinkaEvolve/results/shinka_circle_packing/2025.11.02195019_example/gen_119/main.py
Saving results to: /home/yv2857/ShinkaEvolve/results/shinka_circle_packing/2025.11.02195019_example/gen_119/results
Run 1/1 completed in 21.89 seconds
Detailed packing data saved to /home/yv2857/ShinkaEvolve/results/shinka_circle_packing/2025.11.02195019_example/gen_119/results/extra.npz
Correctness and error status saved to /home/yv2857/ShinkaEvolve/results/shinka_circle_packing/2025.11.02195019_example/gen_119/results/correct.json
Metrics saved to /home/yv2857/ShinkaEvolve/results/shinka_circle_packing/2025.11.02195019_example/gen_119/results/metrics.json
Evaluation and Validation completed successfully.
Metrics:
  combined_score: 2.25062820039549
  public: {'centers_str': '  centers[0] = (0.0607, 0.0603)\n  centers[1] = (0.9080, 0.0921)\n  centers[2] = (0.0739, 0.9259)\n  centers[3] = (0.9126, 0.9129)\n  centers[4] = (0.2415, 0.1261)\n  centers[5] = (0.3226, 0.2503)\n  centers[6] = (0.5310, 0.0567)\n  centers[7] = (0.8811, 0.3009)\n  centers[8] = (0.1128, 0.2243)\n  centers[9] = (0.0407, 0.6148)\n  centers[10] = (0.6968, 0.1212)\n  centers[11] = (0.9192, 0.4963)\n  centers[12] = (0.3608, 0.0777)\n  centers[13] = (0.4401, 0.6818)\n  centers[14] = (0.4910, 0.1956)\n  centers[15] = (0.2753, 0.6516)\n  centers[16] = (0.4048, 0.5542)\n  centers[17] = (0.3747, 0.3579)\n  centers[18] = (0.6593, 0.4280)\n  centers[19] = (0.1168, 0.7419)\n  centers[20] = (0.1540, 0.4759)\n  centers[21] = (0.3610, 0.8500)\n  centers[22] = (0.5465, 0.6882)\n  centers[23] = (0.8633, 0.7017)\n  centers[24] = (0.0334, 0.3407)\n  centers[25] = (0.6694, 0.8734)', 'num_circles': 26}
  private: {'reported_sum_of_radii': 2.25062820039549}
  execution_time_mean: 21.889061003981624
  execution_time_std: 0.0
  num_valid_runs: 1
  num_invalid_runs: 0
  all_validation_errors: []
