/home/yv2857/ShinkaEvolve
Launching evaluation of function:
_target_: examples.circle_packing.evaluate.main
program_path: /home/yv2857/ShinkaEvolve/results/shinka_circle_packing/2025.11.02195019_example/gen_46/main.py
results_dir: /home/yv2857/ShinkaEvolve/results/shinka_circle_packing/2025.11.02195019_example/gen_46/results

Evaluating program: /home/yv2857/ShinkaEvolve/results/shinka_circle_packing/2025.11.02195019_example/gen_46/main.py
Saving results to: /home/yv2857/ShinkaEvolve/results/shinka_circle_packing/2025.11.02195019_example/gen_46/results
Run 1/1 completed in 5.21 seconds
Detailed packing data saved to /home/yv2857/ShinkaEvolve/results/shinka_circle_packing/2025.11.02195019_example/gen_46/results/extra.npz
Correctness and error status saved to /home/yv2857/ShinkaEvolve/results/shinka_circle_packing/2025.11.02195019_example/gen_46/results/correct.json
Metrics saved to /home/yv2857/ShinkaEvolve/results/shinka_circle_packing/2025.11.02195019_example/gen_46/results/metrics.json
Evaluation and Validation completed successfully.
Metrics:
  combined_score: 1.5333691377217726
  public: {'centers_str': '  centers[0] = (0.1267, 0.4675)\n  centers[1] = (0.2804, 0.0582)\n  centers[2] = (0.0134, 0.1856)\n  centers[3] = (0.7599, 0.2440)\n  centers[4] = (0.9610, 0.2734)\n  centers[5] = (0.9241, 0.0352)\n  centers[6] = (0.4097, 0.4165)\n  centers[7] = (0.2961, 0.2552)\n  centers[8] = (0.4173, 0.1773)\n  centers[9] = (0.7991, 0.5244)\n  centers[10] = (0.5945, 0.3409)\n  centers[11] = (0.1313, 0.1946)\n  centers[12] = (0.3191, 0.2929)\n  centers[13] = (0.2452, 0.5219)\n  centers[14] = (0.9085, 0.1218)\n  centers[15] = (0.8616, 0.5827)\n  centers[16] = (0.9053, 0.2812)\n  centers[17] = (0.0628, 0.4581)\n  centers[18] = (0.0763, 0.5235)\n  centers[19] = (0.1323, 0.7312)\n  centers[20] = (0.6367, 0.5556)\n  centers[21] = (0.9507, 0.2150)\n  centers[22] = (0.0093, 0.1523)\n  centers[23] = (0.4324, 0.7974)\n  centers[24] = (0.8845, 0.4106)\n  centers[25] = (0.7687, 0.8858)', 'num_circles': 26}
  private: {'reported_sum_of_radii': 1.5333691377217726}
  execution_time_mean: 5.209891420963686
  execution_time_std: 0.0
  num_valid_runs: 1
  num_invalid_runs: 0
  all_validation_errors: []
