/home/yv2857/ShinkaEvolve
Launching evaluation of function:
_target_: examples.circle_packing.evaluate.main
program_path: /home/yv2857/ShinkaEvolve/results/shinka_circle_packing/2025.11.02195019_example/gen_13/main.py
results_dir: /home/yv2857/ShinkaEvolve/results/shinka_circle_packing/2025.11.02195019_example/gen_13/results

Evaluating program: /home/yv2857/ShinkaEvolve/results/shinka_circle_packing/2025.11.02195019_example/gen_13/main.py
Saving results to: /home/yv2857/ShinkaEvolve/results/shinka_circle_packing/2025.11.02195019_example/gen_13/results
Run 1/1 completed in 0.05 seconds
Detailed packing data saved to /home/yv2857/ShinkaEvolve/results/shinka_circle_packing/2025.11.02195019_example/gen_13/results/extra.npz
Correctness and error status saved to /home/yv2857/ShinkaEvolve/results/shinka_circle_packing/2025.11.02195019_example/gen_13/results/correct.json
Metrics saved to /home/yv2857/ShinkaEvolve/results/shinka_circle_packing/2025.11.02195019_example/gen_13/results/metrics.json
Evaluation and Validation completed successfully.
Metrics:
  combined_score: 0.8990486219570396
  public: {'centers_str': '  centers[0] = (0.1950, 0.2180)\n  centers[1] = (0.2093, 0.3539)\n  centers[2] = (0.1862, 0.4862)\n  centers[3] = (0.1823, 0.6646)\n  centers[4] = (0.2040, 0.8083)\n  centers[5] = (0.3008, 0.2188)\n  centers[6] = (0.3333, 0.3385)\n  centers[7] = (0.3073, 0.4873)\n  centers[8] = (0.3122, 0.6510)\n  centers[9] = (0.3173, 0.7916)\n  centers[10] = (0.4445, 0.1856)\n  centers[11] = (0.4317, 0.3447)\n  centers[12] = (0.4382, 0.5114)\n  centers[13] = (0.4280, 0.6506)\n  centers[14] = (0.4437, 0.7819)\n  centers[15] = (0.5643, 0.1868)\n  centers[16] = (0.5426, 0.3680)\n  centers[17] = (0.5786, 0.5123)\n  centers[18] = (0.5522, 0.6339)\n  centers[19] = (0.5674, 0.7976)\n  centers[20] = (0.6649, 0.1998)\n  centers[21] = (0.6614, 0.3664)\n  centers[22] = (0.6704, 0.5065)\n  centers[23] = (0.6725, 0.6508)\n  centers[24] = (0.6819, 0.7874)\n  centers[25] = (0.8188, 0.2110)', 'num_circles': 26}
  private: {'reported_sum_of_radii': 0.8990486219570396}
  execution_time_mean: 0.048188791959546506
  execution_time_std: 0.0
  num_valid_runs: 1
  num_invalid_runs: 0
  all_validation_errors: []
