/home/yv2857/ShinkaEvolve
Launching evaluation of function:
_target_: examples.circle_packing.evaluate.main
program_path: /home/yv2857/ShinkaEvolve/results/shinka_circle_packing/2025.11.02195019_example/gen_61/main.py
results_dir: /home/yv2857/ShinkaEvolve/results/shinka_circle_packing/2025.11.02195019_example/gen_61/results

Evaluating program: /home/yv2857/ShinkaEvolve/results/shinka_circle_packing/2025.11.02195019_example/gen_61/main.py
Saving results to: /home/yv2857/ShinkaEvolve/results/shinka_circle_packing/2025.11.02195019_example/gen_61/results
Run 1/1 completed in 45.43 seconds
Detailed packing data saved to /home/yv2857/ShinkaEvolve/results/shinka_circle_packing/2025.11.02195019_example/gen_61/results/extra.npz
Correctness and error status saved to /home/yv2857/ShinkaEvolve/results/shinka_circle_packing/2025.11.02195019_example/gen_61/results/correct.json
Metrics saved to /home/yv2857/ShinkaEvolve/results/shinka_circle_packing/2025.11.02195019_example/gen_61/results/metrics.json
Evaluation and Validation completed successfully.
Metrics:
  combined_score: 1.7974122939581132
  public: {'centers_str': '  centers[0] = (0.1220, 0.6045)\n  centers[1] = (0.1653, 0.3273)\n  centers[2] = (0.1127, 0.8792)\n  centers[3] = (0.5663, 0.6468)\n  centers[4] = (0.8575, 0.3025)\n  centers[5] = (0.1892, 0.3924)\n  centers[6] = (0.3470, 0.3393)\n  centers[7] = (0.1586, 0.1980)\n  centers[8] = (0.1002, 0.2944)\n  centers[9] = (0.2943, 0.9205)\n  centers[10] = (0.6215, 0.3004)\n  centers[11] = (0.6846, 0.0990)\n  centers[12] = (0.6764, 0.6183)\n  centers[13] = (0.3945, 0.7208)\n  centers[14] = (0.7400, 0.5000)\n  centers[15] = (0.4296, 0.8805)\n  centers[16] = (0.2912, 0.0937)\n  centers[17] = (0.3986, 0.1871)\n  centers[18] = (0.7501, 0.8927)\n  centers[19] = (0.8912, 0.4440)\n  centers[20] = (0.7946, 0.6859)\n  centers[21] = (0.9093, 0.1402)\n  centers[22] = (0.5514, 0.7117)\n  centers[23] = (0.2582, 0.5587)\n  centers[24] = (0.5000, 0.5000)\n  centers[25] = (0.5566, 0.8845)', 'num_circles': 26}
  private: {'reported_sum_of_radii': 1.7974122939581132}
  execution_time_mean: 45.4252956599812
  execution_time_std: 0.0
  num_valid_runs: 1
  num_invalid_runs: 0
  all_validation_errors: []
