/home/yv2857/ShinkaEvolve
Launching evaluation of function:
_target_: examples.circle_packing.evaluate.main
program_path: /home/yv2857/ShinkaEvolve/results/shinka_circle_packing/2025.11.02195019_example/gen_12/main.py
results_dir: /home/yv2857/ShinkaEvolve/results/shinka_circle_packing/2025.11.02195019_example/gen_12/results

Evaluating program: /home/yv2857/ShinkaEvolve/results/shinka_circle_packing/2025.11.02195019_example/gen_12/main.py
Saving results to: /home/yv2857/ShinkaEvolve/results/shinka_circle_packing/2025.11.02195019_example/gen_12/results
Run 1/1 completed in 7.57 seconds
Detailed packing data saved to /home/yv2857/ShinkaEvolve/results/shinka_circle_packing/2025.11.02195019_example/gen_12/results/extra.npz
Correctness and error status saved to /home/yv2857/ShinkaEvolve/results/shinka_circle_packing/2025.11.02195019_example/gen_12/results/correct.json
Metrics saved to /home/yv2857/ShinkaEvolve/results/shinka_circle_packing/2025.11.02195019_example/gen_12/results/metrics.json
Evaluation and Validation completed successfully.
Metrics:
  combined_score: 2.0299756526280848
  public: {'centers_str': '  centers[0] = (0.1185, 0.0520)\n  centers[1] = (0.3743, 0.2353)\n  centers[2] = (0.5021, 0.0676)\n  centers[3] = (0.6545, 0.0684)\n  centers[4] = (0.7755, 0.0540)\n  centers[5] = (0.0379, 0.0863)\n  centers[6] = (0.2308, 0.0619)\n  centers[7] = (0.2968, 0.1573)\n  centers[8] = (0.4504, 0.4724)\n  centers[9] = (0.5413, 0.1595)\n  centers[10] = (0.9065, 0.1217)\n  centers[11] = (0.0862, 0.1985)\n  centers[12] = (0.2350, 0.2358)\n  centers[13] = (0.5533, 0.3204)\n  centers[14] = (0.3936, 0.0871)\n  centers[15] = (0.7216, 0.2048)\n  centers[16] = (0.0359, 0.5296)\n  centers[17] = (0.1299, 0.4006)\n  centers[18] = (0.3423, 0.3480)\n  centers[19] = (0.5763, 0.5868)\n  centers[20] = (0.6742, 0.4272)\n  centers[21] = (0.8771, 0.4669)\n  centers[22] = (0.1383, 0.6720)\n  centers[23] = (0.3605, 0.5420)\n  centers[24] = (0.4167, 0.8215)\n  centers[25] = (0.7970, 0.7978)', 'num_circles': 26}
  private: {'reported_sum_of_radii': 2.0299756526280848}
  execution_time_mean: 7.566935323004145
  execution_time_std: 0.0
  num_valid_runs: 1
  num_invalid_runs: 0
  all_validation_errors: []
