/home/yv2857/ShinkaEvolve
Launching evaluation of function:
_target_: examples.circle_packing.evaluate.main
program_path: /home/yv2857/ShinkaEvolve/results/shinka_circle_packing/2025.11.02195019_example/gen_84/main.py
results_dir: /home/yv2857/ShinkaEvolve/results/shinka_circle_packing/2025.11.02195019_example/gen_84/results

Evaluating program: /home/yv2857/ShinkaEvolve/results/shinka_circle_packing/2025.11.02195019_example/gen_84/main.py
Saving results to: /home/yv2857/ShinkaEvolve/results/shinka_circle_packing/2025.11.02195019_example/gen_84/results
Run 1/1 completed in 6.15 seconds
Detailed packing data saved to /home/yv2857/ShinkaEvolve/results/shinka_circle_packing/2025.11.02195019_example/gen_84/results/extra.npz
Correctness and error status saved to /home/yv2857/ShinkaEvolve/results/shinka_circle_packing/2025.11.02195019_example/gen_84/results/correct.json
Metrics saved to /home/yv2857/ShinkaEvolve/results/shinka_circle_packing/2025.11.02195019_example/gen_84/results/metrics.json
Evaluation and Validation completed successfully.
Metrics:
  combined_score: 1.7729180892533194
  public: {'centers_str': '  centers[0] = (0.1974, 0.0698)\n  centers[1] = (0.9468, 0.0585)\n  centers[2] = (0.1508, 0.8939)\n  centers[3] = (0.8688, 0.8345)\n  centers[4] = (0.5888, 0.1319)\n  centers[5] = (0.0989, 0.5557)\n  centers[6] = (0.8097, 0.5303)\n  centers[7] = (0.4462, 0.8920)\n  centers[8] = (0.0859, 0.1002)\n  centers[9] = (0.3249, 0.1389)\n  centers[10] = (0.4697, 0.0901)\n  centers[11] = (0.7397, 0.1053)\n  centers[12] = (0.9527, 0.1385)\n  centers[13] = (0.1013, 0.2071)\n  centers[14] = (0.2470, 0.3121)\n  centers[15] = (0.4967, 0.3003)\n  centers[16] = (0.7150, 0.2905)\n  centers[17] = (0.9003, 0.3370)\n  centers[18] = (0.0765, 0.4045)\n  centers[19] = (0.2643, 0.5324)\n  centers[20] = (0.4712, 0.4865)\n  centers[21] = (0.6757, 0.5041)\n  centers[22] = (0.8872, 0.4628)\n  centers[23] = (0.1136, 0.7127)\n  centers[24] = (0.3147, 0.7355)\n  centers[25] = (0.5721, 0.7325)', 'num_circles': 26}
  private: {'reported_sum_of_radii': 1.7729180892533194}
  execution_time_mean: 6.152337078994606
  execution_time_std: 0.0
  num_valid_runs: 1
  num_invalid_runs: 0
  all_validation_errors: []
