/home/yv2857/ShinkaEvolve
Launching evaluation of function:
_target_: examples.circle_packing.evaluate.main
program_path: /home/yv2857/ShinkaEvolve/results/shinka_circle_packing/2025.11.02195019_example/gen_17/main.py
results_dir: /home/yv2857/ShinkaEvolve/results/shinka_circle_packing/2025.11.02195019_example/gen_17/results

Evaluating program: /home/yv2857/ShinkaEvolve/results/shinka_circle_packing/2025.11.02195019_example/gen_17/main.py
Saving results to: /home/yv2857/ShinkaEvolve/results/shinka_circle_packing/2025.11.02195019_example/gen_17/results
Run 1/1 completed in 0.00 seconds
Detailed packing data saved to /home/yv2857/ShinkaEvolve/results/shinka_circle_packing/2025.11.02195019_example/gen_17/results/extra.npz
Correctness and error status saved to /home/yv2857/ShinkaEvolve/results/shinka_circle_packing/2025.11.02195019_example/gen_17/results/correct.json
Metrics saved to /home/yv2857/ShinkaEvolve/results/shinka_circle_packing/2025.11.02195019_example/gen_17/results/metrics.json
Evaluation and Validation completed successfully.
Metrics:
  combined_score: 1.6237411501981582
  public: {'centers_str': '  centers[0] = (0.1000, 0.2229)\n  centers[1] = (0.2600, 0.2229)\n  centers[2] = (0.4200, 0.2229)\n  centers[3] = (0.5800, 0.2229)\n  centers[4] = (0.7400, 0.2229)\n  centers[5] = (0.9000, 0.2229)\n  centers[6] = (0.1800, 0.3614)\n  centers[7] = (0.3400, 0.3614)\n  centers[8] = (0.5000, 0.3614)\n  centers[9] = (0.6600, 0.3614)\n  centers[10] = (0.8200, 0.3614)\n  centers[11] = (0.1000, 0.5000)\n  centers[12] = (0.2600, 0.5000)\n  centers[13] = (0.4200, 0.5000)\n  centers[14] = (0.5800, 0.5000)\n  centers[15] = (0.7400, 0.5000)\n  centers[16] = (0.9000, 0.5000)\n  centers[17] = (0.1800, 0.6386)\n  centers[18] = (0.3400, 0.6386)\n  centers[19] = (0.5000, 0.6386)\n  centers[20] = (0.6600, 0.6386)\n  centers[21] = (0.8200, 0.6386)\n  centers[22] = (0.2600, 0.7771)\n  centers[23] = (0.4200, 0.7771)\n  centers[24] = (0.5800, 0.7771)\n  centers[25] = (0.7400, 0.7771)', 'num_circles': 26}
  private: {'reported_sum_of_radii': 1.6237411501981582}
  execution_time_mean: 0.000495725020300597
  execution_time_std: 0.0
  num_valid_runs: 1
  num_invalid_runs: 0
  all_validation_errors: []
