/home/yv2857/ShinkaEvolve
Launching evaluation of function:
_target_: examples.circle_packing.evaluate.main
program_path: /home/yv2857/ShinkaEvolve/results/shinka_circle_packing/2025.11.02195019_example/gen_66/main.py
results_dir: /home/yv2857/ShinkaEvolve/results/shinka_circle_packing/2025.11.02195019_example/gen_66/results

Evaluating program: /home/yv2857/ShinkaEvolve/results/shinka_circle_packing/2025.11.02195019_example/gen_66/main.py
Saving results to: /home/yv2857/ShinkaEvolve/results/shinka_circle_packing/2025.11.02195019_example/gen_66/results
Run 1/1 completed in 2.25 seconds
Detailed packing data saved to /home/yv2857/ShinkaEvolve/results/shinka_circle_packing/2025.11.02195019_example/gen_66/results/extra.npz
Correctness and error status saved to /home/yv2857/ShinkaEvolve/results/shinka_circle_packing/2025.11.02195019_example/gen_66/results/correct.json
Metrics saved to /home/yv2857/ShinkaEvolve/results/shinka_circle_packing/2025.11.02195019_example/gen_66/results/metrics.json
Evaluation and Validation completed successfully.
Metrics:
  combined_score: 2.214340129561752
  public: {'centers_str': '  centers[0] = (0.5002, 0.5341)\n  centers[1] = (0.3745, 0.8987)\n  centers[2] = (0.6744, 0.6170)\n  centers[3] = (0.4953, 0.7366)\n  centers[4] = (0.2735, 0.7107)\n  centers[5] = (0.3294, 0.4837)\n  centers[6] = (0.2552, 0.3014)\n  centers[7] = (0.4640, 0.2960)\n  centers[8] = (0.7111, 0.3557)\n  centers[9] = (0.6899, 0.7626)\n  centers[10] = (0.4140, 0.5921)\n  centers[11] = (0.7828, 0.5987)\n  centers[12] = (0.2782, 0.9337)\n  centers[13] = (0.1412, 0.5038)\n  centers[14] = (0.4914, 0.1005)\n  centers[15] = (0.9149, 0.4899)\n  centers[16] = (0.5480, 0.9048)\n  centers[17] = (0.1151, 0.1467)\n  centers[18] = (0.8812, 0.0997)\n  centers[19] = (0.1157, 0.8949)\n  centers[20] = (0.8627, 0.8870)\n  centers[21] = (0.6871, 0.0983)\n  centers[22] = (0.3083, 0.0895)\n  centers[23] = (0.9196, 0.7042)\n  centers[24] = (0.0868, 0.7137)\n  centers[25] = (0.5825, 0.6060)', 'num_circles': 26}
  private: {'reported_sum_of_radii': 2.214340129561752}
  execution_time_mean: 2.2545155889820307
  execution_time_std: 0.0
  num_valid_runs: 1
  num_invalid_runs: 0
  all_validation_errors: []
