/home/yv2857/ShinkaEvolve
Launching evaluation of function:
_target_: examples.circle_packing.evaluate.main
program_path: /home/yv2857/ShinkaEvolve/results/shinka_circle_packing/2025.11.02195019_example/gen_71/main.py
results_dir: /home/yv2857/ShinkaEvolve/results/shinka_circle_packing/2025.11.02195019_example/gen_71/results

Evaluating program: /home/yv2857/ShinkaEvolve/results/shinka_circle_packing/2025.11.02195019_example/gen_71/main.py
Saving results to: /home/yv2857/ShinkaEvolve/results/shinka_circle_packing/2025.11.02195019_example/gen_71/results
Run 1/1 completed in 9.05 seconds
Detailed packing data saved to /home/yv2857/ShinkaEvolve/results/shinka_circle_packing/2025.11.02195019_example/gen_71/results/extra.npz
Correctness and error status saved to /home/yv2857/ShinkaEvolve/results/shinka_circle_packing/2025.11.02195019_example/gen_71/results/correct.json
Metrics saved to /home/yv2857/ShinkaEvolve/results/shinka_circle_packing/2025.11.02195019_example/gen_71/results/metrics.json
Evaluation and Validation completed successfully.
Metrics:
  combined_score: 1.9581798180675165
  public: {'centers_str': '  centers[0] = (0.1132, 0.0543)\n  centers[1] = (0.3952, 0.2337)\n  centers[2] = (0.5180, 0.0608)\n  centers[3] = (0.4533, 0.0409)\n  centers[4] = (0.7712, 0.0710)\n  centers[5] = (0.0502, 0.0857)\n  centers[6] = (0.2137, 0.0797)\n  centers[7] = (0.2940, 0.1544)\n  centers[8] = (0.4408, 0.5220)\n  centers[9] = (0.6250, 0.0833)\n  centers[10] = (0.9025, 0.1243)\n  centers[11] = (0.1033, 0.1981)\n  centers[12] = (0.2519, 0.2509)\n  centers[13] = (0.5335, 0.2784)\n  centers[14] = (0.4158, 0.1467)\n  centers[15] = (0.7347, 0.2253)\n  centers[16] = (0.0563, 0.5537)\n  centers[17] = (0.1402, 0.4117)\n  centers[18] = (0.3527, 0.3628)\n  centers[19] = (0.5437, 0.5894)\n  centers[20] = (0.6121, 0.4029)\n  centers[21] = (0.8474, 0.4506)\n  centers[22] = (0.1404, 0.7008)\n  centers[23] = (0.3283, 0.5516)\n  centers[24] = (0.4083, 0.8202)\n  centers[25] = (0.7789, 0.7839)', 'num_circles': 26}
  private: {'reported_sum_of_radii': 1.9581798180675165}
  execution_time_mean: 9.04972012405051
  execution_time_std: 0.0
  num_valid_runs: 1
  num_invalid_runs: 0
  all_validation_errors: []
